<?xml version="1.0" encoding="UTF-8"?>
<!-- Generated by org.testng.reporters.JUnitXMLReporter -->
<testsuite hostname="paras" name="Test" tests="4" failures="0" timestamp="4 Jul 2019 09:16:07 GMT" time="120.189" errors="0">
  <testcase name="ValidateAppTitle" time="0.183" classname="jbk.com.ValidateTitle"/>
  <testcase name="ValidateAppNavigationBar" time="0.687" classname="jbk.com.ValidateNavigation"/>
  <testcase name="basePageNavigation" time="30.682" classname="jbk.com.HomePage"/>
  <testcase name="basePageNavigation" time="20.958" classname="jbk.com.HomePage"/>
</testsuite> <!-- Test -->
