<?xml version="1.0" encoding="UTF-8"?>
<testng-results skipped="0" failed="0" total="1" passed="1">
  <reporter-output>
  </reporter-output>
  <suite name="Suite" duration-ms="33574" started-at="2019-05-18T10:38:38Z" finished-at="2019-05-18T10:39:12Z">
    <groups>
      <group name="cucumber">
        <method signature="AbstractTestNGCucumberTests.feature(cucumber.api.testng.CucumberFeatureWrapper)[pri:0, instance:cucumber.option.TestRunner@d25987]" name="feature" class="cucumber.api.testng.AbstractTestNGCucumberTests"/>
      </group> <!-- cucumber -->
    </groups>
    <test name="Test" duration-ms="33574" started-at="2019-05-18T10:38:38Z" finished-at="2019-05-18T10:39:12Z">
      <class name="cucumber.option.TestRunner">
        <test-method status="PASS" signature="setUpClass()[pri:0, instance:cucumber.option.TestRunner@d25987]" name="setUpClass" is-config="true" duration-ms="346" started-at="2019-05-18T16:08:38Z" finished-at="2019-05-18T16:08:38Z">
          <reporter-output>
          </reporter-output>
        </test-method> <!-- setUpClass -->
        <test-method status="PASS" signature="feature(cucumber.api.testng.CucumberFeatureWrapper)[pri:0, instance:cucumber.option.TestRunner@d25987]" name="feature" duration-ms="33116" started-at="2019-05-18T16:08:39Z" description="Runs Cucumber Feature" data-provider="features" finished-at="2019-05-18T16:09:12Z">
          <params>
            <param index="0">
              <value>
                <![CDATA[Login into application]]>
              </value>
            </param>
          </params>
          <reporter-output>
          </reporter-output>
        </test-method> <!-- feature -->
        <test-method status="PASS" signature="tearDownClass()[pri:0, instance:cucumber.option.TestRunner@d25987]" name="tearDownClass" is-config="true" duration-ms="4" started-at="2019-05-18T16:09:12Z" finished-at="2019-05-18T16:09:12Z">
          <reporter-output>
          </reporter-output>
        </test-method> <!-- tearDownClass -->
      </class> <!-- cucumber.option.TestRunner -->
    </test> <!-- Test -->
  </suite> <!-- Suite -->
</testng-results>
